[debug] [2019-05-23T07:46:32.788Z] ----------------------------------------------------------------------
[debug] [2019-05-23T07:46:32.792Z] Command:       /Users/marcelfleuren/.nvm/versions/node/v11.0.0/bin/node /Users/marcelfleuren/.nvm/versions/node/v11.0.0/bin/firebase serve --only functions,hosting
[debug] [2019-05-23T07:46:32.792Z] CLI Version:   6.10.0
[debug] [2019-05-23T07:46:32.792Z] Platform:      darwin
[debug] [2019-05-23T07:46:32.792Z] Node Version:  v11.0.0
[debug] [2019-05-23T07:46:32.793Z] Time:          Thu May 23 2019 09:46:32 GMT+0200 (GMT+02:00)
[debug] [2019-05-23T07:46:32.793Z] ----------------------------------------------------------------------
[debug] 
[debug] [2019-05-23T07:46:32.814Z] > command requires scopes: ["email","openid","https://www.googleapis.com/auth/cloudplatformprojects.readonly","https://www.googleapis.com/auth/firebase","https://www.googleapis.com/auth/cloud-platform"]
[debug] [2019-05-23T07:46:32.815Z] > authorizing via signed-in user
[debug] [2019-05-23T07:46:32.815Z] [iam] checking project poll-a7c8a for permissions ["firebase.projects.get"]
[debug] [2019-05-23T07:46:32.817Z] >>> HTTP REQUEST POST https://cloudresourcemanager.googleapis.com/v1/projects/poll-a7c8a:testIamPermissions  

[debug] [2019-05-23T07:46:33.171Z] <<< HTTP RESPONSE 200
[debug] [2019-05-23T07:46:33.175Z] >>> HTTP REQUEST GET https://cloudresourcemanager.googleapis.com/v1/projects/poll-a7c8a  
 
[debug] [2019-05-23T07:46:33.977Z] <<< HTTP RESPONSE 200
[warn] ⚠  Your requested "node" version "8" doesn't match your global version "11"
[debug] [2019-05-23T07:46:33.992Z] >>> HTTP REQUEST GET https://mobilesdk-pa.googleapis.com/v1/projects/796763596331/clients/_:getWebAppConfig  
 
[debug] [2019-05-23T07:46:33.992Z] >>> HTTP REQUEST GET https://mobilesdk-pa.googleapis.com/v1/projects/796763596331:getServerAppConfig  
 
[debug] [2019-05-23T07:46:34.210Z] <<< HTTP RESPONSE 200
[info] ✔  functions: Emulator started at http://localhost:5001
[debug] [2019-05-23T07:46:34.283Z] <<< HTTP RESPONSE 200
[info] i  functions: Watching "/Users/marcelfleuren/Desktop/Minor/PE-resit/functions" for Cloud Functions...
[info] i  hosting: Serving hosting files from: public
[info] ✔  hosting: Local server: http://localhost:5000
[debug] [2019-05-23T07:46:34.963Z] Functions runtime initialized.
[debug] [2019-05-23T07:46:34.964Z] Disabled runtime features: {"functions_config_helper":true,"network_filtering":true,"timeout":true,"memory_limiting":true,"protect_env":true,"admin_stubs":true}
[debug] [2019-05-23T07:46:36.384Z] firebase-admin has been stubbed.
[warn] ⚠  ReferenceError: app is not defined
    at Object.<anonymous> (/Users/marcelfleuren/Desktop/Minor/PE-resit/functions/index.js:5:1)
    at Module._compile (internal/modules/cjs/loader.js:707:30)
    at Object.Module._extensions..js (internal/modules/cjs/loader.js:718:10)
    at Module.load (internal/modules/cjs/loader.js:605:32)
    at tryModuleLoad (internal/modules/cjs/loader.js:544:12)
    at Function.Module._load (internal/modules/cjs/loader.js:536:3)
    at Module.require (internal/modules/cjs/loader.js:643:17)
    at require (internal/modules/cjs/helpers.js:22:18)
    at /Users/marcelfleuren/.nvm/versions/node/v11.0.0/lib/node_modules/firebase-tools/lib/emulator/functionsEmulatorRuntime.js:459:29
    at Generator.next (<anonymous>)
[warn] ⚠  Your function was killed because it raised an unhandled error.
[debug] [2019-05-23T07:46:48.788Z] File /Users/marcelfleuren/Desktop/Minor/PE-resit/functions/index.js changed, reloading triggers
[debug] [2019-05-23T07:46:50.180Z] Functions runtime initialized.
[debug] [2019-05-23T07:46:50.182Z] Disabled runtime features: {"functions_config_helper":true,"network_filtering":true,"timeout":true,"memory_limiting":true,"protect_env":true,"admin_stubs":true}
[debug] [2019-05-23T07:46:50.936Z] firebase-admin has been stubbed.
[info] i  functions: HTTP trigger initialized at http://localhost:5001/poll-a7c8a/us-central1/app
[debug] [2019-05-23T07:46:58.578Z] Accepted request GET /poll-a7c8a/us-central1/app --> app
[debug] [2019-05-23T07:46:59.134Z] Functions runtime initialized.
[info] i  functions: Beginning execution of "app"
[debug] [2019-05-23T07:46:59.137Z] Disabled runtime features: {"functions_config_helper":true,"network_filtering":true,"timeout":true,"memory_limiting":true,"protect_env":true,"admin_stubs":true}
[debug] [2019-05-23T07:47:00.191Z] firebase-admin has been stubbed.
[debug] [2019-05-23T07:47:00.423Z] Trigger "app" has been found, beginning invocation!
[debug] [2019-05-23T07:47:00.423Z] 
[debug] [2019-05-23T07:47:00.424Z] Running app in mode HTTPS
[info] i  Your code has been provided a "firebase-admin" instance.
[info] i  Your code does not appear to initialize the 'firebase-admin' module, so we've done it automatically.
   - Learn more: https://firebase.google.com/docs/admin/setup
[debug] [2019-05-23T07:47:00.440Z] {"socketPath":"/var/folders/y4/vpghzbqn3sxgc561gn0xt30r0000gn/T/firebase_emulator_invocation_5637.sock"}
[debug] [2019-05-23T07:47:00.443Z] [functions] Runtime ready! Sending request! {"socketPath":"/var/folders/y4/vpghzbqn3sxgc561gn0xt30r0000gn/T/firebase_emulator_invocation_5637.sock"}
[debug] [2019-05-23T07:47:00.454Z] Ephemeral server used!
[debug] [2019-05-23T07:47:00.461Z] Ephemeral server survived.
[info] i  functions: Finished "app" in ~1s
[info] >  Error: Failed to lookup view "home" in views directory "/Users/marcelfleuren/Desktop/Minor/PE-resit/functions/views"
[info] >      at Function.render (/Users/marcelfleuren/Desktop/Minor/PE-resit/functions/node_modules/express/lib/application.js:580:17)
[info] >      at ServerResponse.render (/Users/marcelfleuren/Desktop/Minor/PE-resit/functions/node_modules/express/lib/response.js:1016:7)
[info] >      at /Users/marcelfleuren/Desktop/Minor/PE-resit/functions/index.js:17:9
[info] >      at Layer.handle [as handle_request] (/Users/marcelfleuren/Desktop/Minor/PE-resit/functions/node_modules/express/lib/router/layer.js:95:5)
[info] >      at next (/Users/marcelfleuren/Desktop/Minor/PE-resit/functions/node_modules/express/lib/router/route.js:137:13)
[info] >      at Route.dispatch (/Users/marcelfleuren/Desktop/Minor/PE-resit/functions/node_modules/express/lib/router/route.js:112:3)
[info] >      at Layer.handle [as handle_request] (/Users/marcelfleuren/Desktop/Minor/PE-resit/functions/node_modules/express/lib/router/layer.js:95:5)
[info] >      at /Users/marcelfleuren/Desktop/Minor/PE-resit/functions/node_modules/express/lib/router/index.js:281:22
[info] >      at Function.process_params (/Users/marcelfleuren/Desktop/Minor/PE-resit/functions/node_modules/express/lib/router/index.js:335:12)
[info] >      at next (/Users/marcelfleuren/Desktop/Minor/PE-resit/functions/node_modules/express/lib/router/index.js:275:10)
[debug] [2019-05-23T07:48:25.026Z] File /Users/marcelfleuren/Desktop/Minor/PE-resit/functions/index.js changed, reloading triggers
[debug] [2019-05-23T07:48:27.049Z] Functions runtime initialized.
[debug] [2019-05-23T07:48:27.050Z] Disabled runtime features: {"functions_config_helper":true,"network_filtering":true,"timeout":true,"memory_limiting":true,"protect_env":true,"admin_stubs":true}
[debug] [2019-05-23T07:48:28.119Z] firebase-admin has been stubbed.
[info] >  Thu, 23 May 2019 07:48:28 GMT body-parser deprecated undefined extended: provide extended option at index.js:13:17
[debug] [2019-05-23T07:48:30.393Z] Accepted request GET /poll-a7c8a/us-central1/app --> app
[debug] [2019-05-23T07:48:30.827Z] Functions runtime initialized.
[info] i  functions: Beginning execution of "app"
[debug] [2019-05-23T07:48:30.830Z] Disabled runtime features: {"functions_config_helper":true,"network_filtering":true,"timeout":true,"memory_limiting":true,"protect_env":true,"admin_stubs":true}
[debug] [2019-05-23T07:48:31.813Z] firebase-admin has been stubbed.
[info] >  Thu, 23 May 2019 07:48:32 GMT body-parser deprecated undefined extended: provide extended option at index.js:13:17
[debug] [2019-05-23T07:48:32.022Z] Trigger "app" has been found, beginning invocation!
[debug] [2019-05-23T07:48:32.022Z] 
[debug] [2019-05-23T07:48:32.022Z] Running app in mode HTTPS
[info] i  Your code has been provided a "firebase-admin" instance.
[info] i  Your code does not appear to initialize the 'firebase-admin' module, so we've done it automatically.
   - Learn more: https://firebase.google.com/docs/admin/setup
[debug] [2019-05-23T07:48:32.046Z] {"socketPath":"/var/folders/y4/vpghzbqn3sxgc561gn0xt30r0000gn/T/firebase_emulator_invocation_5765.sock"}
[debug] [2019-05-23T07:48:32.048Z] [functions] Runtime ready! Sending request! {"socketPath":"/var/folders/y4/vpghzbqn3sxgc561gn0xt30r0000gn/T/firebase_emulator_invocation_5765.sock"}
[debug] [2019-05-23T07:48:32.069Z] Ephemeral server used!
[debug] [2019-05-23T07:48:32.073Z] Ephemeral server survived.
[info] i  functions: Finished "app" in ~1s
[info] >  Error: Failed to lookup view "home" in views directory "/Users/marcelfleuren/Desktop/Minor/PE-resit/functions/views"
[info] >      at Function.render (/Users/marcelfleuren/Desktop/Minor/PE-resit/functions/node_modules/express/lib/application.js:580:17)
[info] >      at ServerResponse.render (/Users/marcelfleuren/Desktop/Minor/PE-resit/functions/node_modules/express/lib/response.js:1016:7)
[info] >      at /Users/marcelfleuren/Desktop/Minor/PE-resit/functions/index.js:19:9
[info] >      at Layer.handle [as handle_request] (/Users/marcelfleuren/Desktop/Minor/PE-resit/functions/node_modules/express/lib/router/layer.js:95:5)
[info] >      at next (/Users/marcelfleuren/Desktop/Minor/PE-resit/functions/node_modules/express/lib/router/route.js:137:13)
[info] >      at Route.dispatch (/Users/marcelfleuren/Desktop/Minor/PE-resit/functions/node_modules/express/lib/router/route.js:112:3)
[info] >      at Layer.handle [as handle_request] (/Users/marcelfleuren/Desktop/Minor/PE-resit/functions/node_modules/express/lib/router/layer.js:95:5)
[info] >      at /Users/marcelfleuren/Desktop/Minor/PE-resit/functions/node_modules/express/lib/router/index.js:281:22
[info] >      at Function.process_params (/Users/marcelfleuren/Desktop/Minor/PE-resit/functions/node_modules/express/lib/router/index.js:335:12)
[info] >      at next (/Users/marcelfleuren/Desktop/Minor/PE-resit/functions/node_modules/express/lib/router/index.js:275:10)
[debug] [2019-05-23T07:49:44.051Z] File /Users/marcelfleuren/Desktop/Minor/PE-resit/functions/index.js changed, reloading triggers
[debug] [2019-05-23T07:49:46.101Z] Functions runtime initialized.
[debug] [2019-05-23T07:49:46.103Z] Disabled runtime features: {"functions_config_helper":true,"network_filtering":true,"timeout":true,"memory_limiting":true,"protect_env":true,"admin_stubs":true}
[debug] [2019-05-23T07:49:47.792Z] firebase-admin has been stubbed.
[warn] ⚠  TypeError: hbs is not a function
    at Object.<anonymous> (/Users/marcelfleuren/Desktop/Minor/PE-resit/functions/index.js:7:19)
    at Module._compile (internal/modules/cjs/loader.js:707:30)
    at Object.Module._extensions..js (internal/modules/cjs/loader.js:718:10)
    at Module.load (internal/modules/cjs/loader.js:605:32)
    at tryModuleLoad (internal/modules/cjs/loader.js:544:12)
    at Function.Module._load (internal/modules/cjs/loader.js:536:3)
    at Module.require (internal/modules/cjs/loader.js:643:17)
    at require (internal/modules/cjs/helpers.js:22:18)
    at /Users/marcelfleuren/.nvm/versions/node/v11.0.0/lib/node_modules/firebase-tools/lib/emulator/functionsEmulatorRuntime.js:459:29
    at Generator.next (<anonymous>)
[warn] ⚠  Your function was killed because it raised an unhandled error.
[debug] [2019-05-23T07:50:05.224Z] File /Users/marcelfleuren/Desktop/Minor/PE-resit/functions/index.js changed, reloading triggers
[debug] [2019-05-23T07:50:07.106Z] Functions runtime initialized.
[debug] [2019-05-23T07:50:07.109Z] Disabled runtime features: {"functions_config_helper":true,"network_filtering":true,"timeout":true,"memory_limiting":true,"protect_env":true,"admin_stubs":true}
[debug] [2019-05-23T07:50:08.337Z] firebase-admin has been stubbed.
[info] >  Thu, 23 May 2019 07:50:08 GMT body-parser deprecated undefined extended: provide extended option at index.js:13:17
